<?xml version="1.0" encoding="UTF-8"?>
<!-- Generated by org.testng.reporters.JUnitXMLReporter -->
<testsuite hostname="Avinash-SFIN516" ignored="4" name="Test" tests="3" failures="3" timestamp="09 Aug 2022 10:06:41 GMT" time="61.178" errors="0">
  <testcase name="@AfterMethod TearDown" time="0.001" classname="TestBase.BaseClass">
    <failure type="java.lang.NullPointerException">
      <![CDATA[java.lang.NullPointerException
at TestBase.BaseClass.TearDown(BaseClass.java:73)
... Removed 28 stack frames]]>
    </failure>
  </testcase> <!-- @AfterMethod TearDown -->
  <testcase name="@AfterMethod TearDown" time="0.0" classname="TestBase.BaseClass">
    <failure type="java.lang.NullPointerException">
      <![CDATA[java.lang.NullPointerException
at TestBase.BaseClass.TearDown(BaseClass.java:73)
... Removed 28 stack frames]]>
    </failure>
  </testcase> <!-- @AfterMethod TearDown -->
  <testcase name="added" time="19.84" classname="TestCases.SignupTest">
    <failure type="org.openqa.selenium.NoSuchElementException" message="Cannot locate option with value: 09
For documentation on this error, please visit: https://selenium.dev/exceptions/#no_such_element
Build info: version: &amp;apos;4.3.0&amp;apos;, revision: &amp;apos;a4995e2c09*&amp;apos;
System info: host: &amp;apos;AVINASH-SFIN516&amp;apos;, ip: &amp;apos;192.168.1.35&amp;apos;, os.name: &amp;apos;Windows 10&amp;apos;, os.arch: &amp;apos;amd64&amp;apos;, os.version: &amp;apos;10.0&amp;apos;, java.version: &amp;apos;1.8.0_261&amp;apos;
Driver info: driver.version: unknown">
      <![CDATA[org.openqa.selenium.NoSuchElementException: Cannot locate option with value: 09
For documentation on this error, please visit: https://selenium.dev/exceptions/#no_such_element
Build info: version: '4.3.0', revision: 'a4995e2c09*'
System info: host: 'AVINASH-SFIN516', ip: '192.168.1.35', os.name: 'Windows 10', os.arch: 'amd64', os.version: '10.0', java.version: '1.8.0_261'
Driver info: driver.version: unknown
at org.openqa.selenium.support.ui.Select.findOptionsByValue(Select.java:287)
at org.openqa.selenium.support.ui.Select.selectByValue(Select.java:190)
at com.POM.SingUp.test1(SingUp.java:29)
at TestCases.SignupTest.added(SignupTest.java:16)
... Removed 25 stack frames]]>
    </failure>
  </testcase> <!-- added -->
  <testcase name="added" time="0.003" classname="TestCases.LoginTest">
    <failure type="java.lang.NullPointerException">
      <![CDATA[java.lang.NullPointerException
at TestCases.LoginTest.added(LoginTest.java:12)
... Removed 25 stack frames]]>
    </failure>
  </testcase> <!-- added -->
  <testcase name="added" time="0.001" classname="TestCases.ShippingCartTest">
    <failure type="java.lang.NullPointerException">
      <![CDATA[java.lang.NullPointerException
at TestCases.ShippingCartTest.added(ShippingCartTest.java:12)
... Removed 25 stack frames]]>
    </failure>
  </testcase> <!-- added -->
  <testcase name="@BeforeSuite setReport" time="0.0" classname="TestBase.BaseClass">
    <ignored/>
  </testcase> <!-- @BeforeSuite setReport -->
  <testcase name="@BeforeSuite setReport" time="0.0" classname="TestBase.BaseClass">
    <ignored/>
  </testcase> <!-- @BeforeSuite setReport -->
  <testcase name="@AfterSuite endReport" time="0.0" classname="TestBase.BaseClass">
    <ignored/>
  </testcase> <!-- @AfterSuite endReport -->
  <testcase name="@AfterSuite endReport" time="0.0" classname="TestBase.BaseClass">
    <ignored/>
  </testcase> <!-- @AfterSuite endReport -->
</testsuite> <!-- Test -->
